2023.09.30 12:08:58 INFO  tracing is disabled for protocol LSP, to enable tracing of incoming and outgoing JSON messages create an empty file at /home/coder/project/reactlab/.metals/lsp.trace.json or /home/coder/.cache/metals/lsp.trace.json
2023.09.30 12:08:58 INFO  logging to file /home/coder/project/reactlab/.metals/metals.log
2023.09.30 12:08:58 INFO  Started: Metals version 0.11.7 in workspace '/home/coder/project/reactlab' for client code-server 1.60.0.
Sep 30, 2023 12:08:59 PM org.eclipse.lsp4j.jsonrpc.RemoteEndpoint fallbackResponseError
SEVERE: Internal error: coursierapi.error.SimpleResolutionError$1: Error downloading com.sourcegraph:semanticdb-javac:0.7.4
  not found: /home/coder/.ivy2/local/com.sourcegraph/semanticdb-javac/0.7.4/ivys/ivy.xml
  download error: Caught javax.net.ssl.SSLHandshakeException (Remote host terminated the handshake) while downloading https://repo1.maven.org/maven2/com/sourcegraph/semanticdb-javac/0.7.4/semanticdb-javac-0.7.4.pom
  download error: Caught javax.net.ssl.SSLHandshakeException (Remote host terminated the handshake) while downloading https://oss.sonatype.org/content/repositories/public/com/sourcegraph/semanticdb-javac/0.7.4/semanticdb-javac-0.7.4.pom
  download error: Caught javax.net.ssl.SSLHandshakeException (Remote host terminated the handshake) while downloading https://oss.sonatype.org/content/repositories/snapshots/com/sourcegraph/semanticdb-javac/0.7.4/semanticdb-javac-0.7.4.pom
java.util.concurrent.CompletionException: coursierapi.error.SimpleResolutionError$1: Error downloading com.sourcegraph:semanticdb-javac:0.7.4
  not found: /home/coder/.ivy2/local/com.sourcegraph/semanticdb-javac/0.7.4/ivys/ivy.xml
  download error: Caught javax.net.ssl.SSLHandshakeException (Remote host terminated the handshake) while downloading https://repo1.maven.org/maven2/com/sourcegraph/semanticdb-javac/0.7.4/semanticdb-javac-0.7.4.pom
  download error: Caught javax.net.ssl.SSLHandshakeException (Remote host terminated the handshake) while downloading https://oss.sonatype.org/content/repositories/public/com/sourcegraph/semanticdb-javac/0.7.4/semanticdb-javac-0.7.4.pom
  download error: Caught javax.net.ssl.SSLHandshakeException (Remote host terminated the handshake) while downloading https://oss.sonatype.org/content/repositories/snapshots/com/sourcegraph/semanticdb-javac/0.7.4/semanticdb-javac-0.7.4.pom
	at java.base/java.util.concurrent.CompletableFuture.encodeThrowable(CompletableFuture.java:331)
	at java.base/java.util.concurrent.CompletableFuture.completeThrowable(CompletableFuture.java:346)
	at java.base/java.util.concurrent.CompletableFuture$UniAccept.tryFire(CompletableFuture.java:704)
	at java.base/java.util.concurrent.CompletableFuture.postComplete(CompletableFuture.java:506)
	at java.base/java.util.concurrent.CompletableFuture.completeExceptionally(CompletableFuture.java:2088)
	at scala.concurrent.java8.FuturesConvertersImpl$CF.apply(FutureConvertersImpl.scala:29)
	at scala.concurrent.java8.FuturesConvertersImpl$CF.apply(FutureConvertersImpl.scala:26)
	at scala.concurrent.impl.Promise$Transformation.run(Promise.scala:484)
	at scala.concurrent.ExecutionContext$parasitic$.execute(ExecutionContext.scala:222)
	at scala.concurrent.impl.Promise$Transformation.submitWithValue(Promise.scala:429)
	at scala.concurrent.impl.Promise$DefaultPromise.submitWithValue(Promise.scala:338)
	at scala.concurrent.impl.Promise$DefaultPromise.tryComplete0(Promise.scala:285)
	at scala.concurrent.impl.Promise$Transformation.run(Promise.scala:504)
	at java.base/java.util.concurrent.ThreadPoolExecutor.runWorker(ThreadPoolExecutor.java:1128)
	at java.base/java.util.concurrent.ThreadPoolExecutor$Worker.run(ThreadPoolExecutor.java:628)
	at java.base/java.lang.Thread.run(Thread.java:829)
Caused by: coursierapi.error.SimpleResolutionError$1: Error downloading com.sourcegraph:semanticdb-javac:0.7.4
  not found: /home/coder/.ivy2/local/com.sourcegraph/semanticdb-javac/0.7.4/ivys/ivy.xml
  download error: Caught javax.net.ssl.SSLHandshakeException (Remote host terminated the handshake) while downloading https://repo1.maven.org/maven2/com/sourcegraph/semanticdb-javac/0.7.4/semanticdb-javac-0.7.4.pom
  download error: Caught javax.net.ssl.SSLHandshakeException (Remote host terminated the handshake) while downloading https://oss.sonatype.org/content/repositories/public/com/sourcegraph/semanticdb-javac/0.7.4/semanticdb-javac-0.7.4.pom
  download error: Caught javax.net.ssl.SSLHandshakeException (Remote host terminated the handshake) while downloading https://oss.sonatype.org/content/repositories/snapshots/com/sourcegraph/semanticdb-javac/0.7.4/semanticdb-javac-0.7.4.pom
	at coursierapi.error.SimpleResolutionError.of(SimpleResolutionError.java:11)
	at coursierapi.shaded.coursier.internal.api.ApiHelper$.simpleResError(ApiHelper.scala:331)
	at coursierapi.shaded.coursier.internal.api.ApiHelper$.doFetch(ApiHelper.scala:375)
	at coursierapi.shaded.coursier.internal.api.ApiHelper.doFetch(ApiHelper.scala)
	at coursierapi.Fetch.fetchResult(Fetch.java:244)
	at coursierapi.Fetch.fetch(Fetch.java:239)
	at scala.meta.internal.metals.Embedded$.downloadDependency(Embedded.scala:233)
	at scala.meta.internal.metals.Embedded$.downloadSemanticdbJavac(Embedded.scala:261)
	at scala.meta.internal.metals.JavaInteractiveSemanticdb$.create(JavaInteractiveSemanticdb.scala:202)
	at scala.meta.internal.metals.MetalsLanguageServer.$anonfun$updateWorkspaceDirectory$8(MetalsLanguageServer.scala:398)
	at scala.Option.flatMap(Option.scala:283)
	at scala.meta.internal.metals.MetalsLanguageServer.updateWorkspaceDirectory(MetalsLanguageServer.scala:398)
	at scala.meta.internal.metals.MetalsLanguageServer.$anonfun$initialize$2(MetalsLanguageServer.scala:838)
	at scala.concurrent.Future$.$anonfun$apply$1(Future.scala:678)
	at scala.concurrent.impl.Promise$Transformation.run(Promise.scala:467)
	... 3 more

2023.09.30 12:08:59 INFO  shutting down Metals
2023.09.30 12:08:59 WARN  Flyway upgrade recommended: H2 2.1.214 is newer than this version of Flyway and support has not been tested. The latest supported version of H2 is 2.1.210.
